
**** Build of configuration Debug for project lab3 ****

"C:\\ti\\ccsv7\\utils\\bin\\gmake" -k -j 6 all -O 
'Building file: ../main.c'
'Invoking: ARM Compiler'
"C:/ti/ccsv7/tools/compiler/ti-cgt-arm_16.9.8.LTS/bin/armcl" -mv7M4 --code_state=16 --float_support=FPv4SPD16 -me --include_path="C:/Users/trace/OneDrive/Documents/Fall_2018/CpE_403/TIVAC_LABs/TIVAC_LABs/lab3/lab3" --include_path="C:/ti/ccsv7/tools/compiler/ti-cgt-arm_16.9.8.LTS/include" --define=ccs="ccs" --define=PART_TM4C123GE6PM -g --gcc --diag_warning=225 --diag_wrap=off --display_error_number --abi=eabi --preproc_with_compile --preproc_dependency="main.d"  "../main.c"

>> Compilation failure
subdir_rules.mk:9: recipe for target 'main.obj' failed
"../main.c", line 3: fatal error #1965: cannot open source file "inc/hw_memmap.h"
1 catastrophic error detected in the compilation of "../main.c".
Compilation terminated.
gmake: *** [main.obj] Error 1
'Building file: ../startup_ccs.c'
'Invoking: ARM Compiler'
"C:/ti/ccsv7/tools/compiler/ti-cgt-arm_16.9.8.LTS/bin/armcl" -mv7M4 --code_state=16 --float_support=FPv4SPD16 -me --include_path="C:/Users/trace/OneDrive/Documents/Fall_2018/CpE_403/TIVAC_LABs/TIVAC_LABs/lab3/lab3" --include_path="C:/ti/ccsv7/tools/compiler/ti-cgt-arm_16.9.8.LTS/include" --define=ccs="ccs" --define=PART_TM4C123GE6PM -g --gcc --diag_warning=225 --diag_wrap=off --display_error_number --abi=eabi --preproc_with_compile --preproc_dependency="startup_ccs.d"  "../startup_ccs.c"

>> Compilation failure
subdir_rules.mk:16: recipe for target 'startup_ccs.obj' failed
"../startup_ccs.c", line 26: fatal error #1965: cannot open source file "inc/hw_nvic.h"
1 catastrophic error detected in the compilation of "../startup_ccs.c".
Compilation terminated.
gmake: *** [startup_ccs.obj] Error 1
gmake: Target 'all' not remade because of errors.

**** Build Finished ****
