
**** Clean-only build of configuration Debug for project lab15 ****

"C:\\ti\\ccsv7\\utils\\bin\\gmake" -k clean 
DEL /F  "lab15.hex"  "lab15.out" 
DEL /F "main.obj" "tm4c123gh6pm_startup_ccs.obj" "uartstdio.obj" "ustdlib.obj" 
DEL /F "main.d" "tm4c123gh6pm_startup_ccs.d" "uartstdio.d" "ustdlib.d" 
Could Not Find C:\Users\trace\OneDrive\Documents\GitHub\epc904laff8102vlnu\epc304llaf8102vlnu\lab6\project\Debug\lab15.hex
Could Not Find C:\Users\trace\OneDrive\Documents\GitHub\epc904laff8102vlnu\epc304llaf8102vlnu\lab6\project\Debug\main.obj
Could Not Find C:\Users\trace\OneDrive\Documents\GitHub\epc904laff8102vlnu\epc304llaf8102vlnu\lab6\project\Debug\main.d
'Finished clean'
' '

**** Build Finished ****

**** Build of configuration Debug for project lab15 ****

"C:\\ti\\ccsv7\\utils\\bin\\gmake" -k all 
'Building file: ../main.c'
'Invoking: ARM Compiler'
"C:/ti/ccsv7/tools/compiler/ti-cgt-arm_16.9.3.LTS/bin/armcl" -mv7M4 --code_state=16 --float_support=FPv4SPD16 -me --include_path="C:/ti/ccsv7/tools/compiler/ti-cgt-arm_16.9.3.LTS/include" --include_path="C:/ti/TivaWare_C_Series-2.1.4.178" --define=PART_TM4C123GH6PM --define=TARGET_IS_BLIZZARD_RB1 --define=ccs="ccs" -g --gcc --diag_warning=225 --diag_wrap=off --display_error_number --abi=eabi --preproc_with_compile --preproc_dependency="main.d"  "../main.c"
"C:/ti/TivaWare_C_Series-2.1.4.178/driverlib/hibernate.h", line 229: warning #233-D: declaration is not visible outside of function
"C:/ti/TivaWare_C_Series-2.1.4.178/driverlib/hibernate.h", line 230: warning #233-D: declaration is not visible outside of function
"C:/ti/TivaWare_C_Series-2.1.4.178/driverlib/hibernate.h", line 231: warning #233-D: declaration is not visible outside of function
"C:/ti/TivaWare_C_Series-2.1.4.178/driverlib/hibernate.h", line 232: warning #233-D: declaration is not visible outside of function
'Finished building: ../main.c'
' '
'Building file: ../tm4c123gh6pm_startup_ccs.c'
'Invoking: ARM Compiler'
"C:/ti/ccsv7/tools/compiler/ti-cgt-arm_16.9.3.LTS/bin/armcl" -mv7M4 --code_state=16 --float_support=FPv4SPD16 -me --include_path="C:/ti/ccsv7/tools/compiler/ti-cgt-arm_16.9.3.LTS/include" --include_path="C:/ti/TivaWare_C_Series-2.1.4.178" --define=PART_TM4C123GH6PM --define=TARGET_IS_BLIZZARD_RB1 --define=ccs="ccs" -g --gcc --diag_warning=225 --diag_wrap=off --display_error_number --abi=eabi --preproc_with_compile --preproc_dependency="tm4c123gh6pm_startup_ccs.d"  "../tm4c123gh6pm_startup_ccs.c"
'Finished building: ../tm4c123gh6pm_startup_ccs.c'
' '
'Building file: ../uartstdio.c'
'Invoking: ARM Compiler'
"C:/ti/ccsv7/tools/compiler/ti-cgt-arm_16.9.3.LTS/bin/armcl" -mv7M4 --code_state=16 --float_support=FPv4SPD16 -me --include_path="C:/ti/ccsv7/tools/compiler/ti-cgt-arm_16.9.3.LTS/include" --include_path="C:/ti/TivaWare_C_Series-2.1.4.178" --define=PART_TM4C123GH6PM --define=TARGET_IS_BLIZZARD_RB1 --define=ccs="ccs" -g --gcc --diag_warning=225 --diag_wrap=off --display_error_number --abi=eabi --preproc_with_compile --preproc_dependency="uartstdio.d"  "../uartstdio.c"
'Finished building: ../uartstdio.c'
' '
'Building file: ../ustdlib.c'
'Invoking: ARM Compiler'
"C:/ti/ccsv7/tools/compiler/ti-cgt-arm_16.9.3.LTS/bin/armcl" -mv7M4 --code_state=16 --float_support=FPv4SPD16 -me --include_path="C:/ti/ccsv7/tools/compiler/ti-cgt-arm_16.9.3.LTS/include" --include_path="C:/ti/TivaWare_C_Series-2.1.4.178" --define=PART_TM4C123GH6PM --define=TARGET_IS_BLIZZARD_RB1 --define=ccs="ccs" -g --gcc --diag_warning=225 --diag_wrap=off --display_error_number --abi=eabi --preproc_with_compile --preproc_dependency="ustdlib.d"  "../ustdlib.c"
'Finished building: ../ustdlib.c'
' '
'Building target: lab15.out'
'Invoking: ARM Linker'
"C:/ti/ccsv7/tools/compiler/ti-cgt-arm_16.9.3.LTS/bin/armcl" -mv7M4 --code_state=16 --float_support=FPv4SPD16 -me --define=PART_TM4C123GH6PM --define=TARGET_IS_BLIZZARD_RB1 --define=ccs="ccs" -g --gcc --diag_warning=225 --diag_wrap=off --display_error_number --abi=eabi -z -m"lab15.map" --heap_size=0 --stack_size=100 -i"C:/ti/ccsv7/tools/compiler/ti-cgt-arm_16.9.3.LTS/lib" -i"C:/ti/ccsv7/tools/compiler/ti-cgt-arm_16.9.3.LTS/include" --reread_libs --diag_wrap=off --display_error_number --warn_sections --xml_link_info="lab15_linkInfo.xml" --rom_model -o "lab15.out" "./main.obj" "./tm4c123gh6pm_startup_ccs.obj" "./uartstdio.obj" "./ustdlib.obj" "C:/ti/TivaWare_C_Series-2.1.4.178/driverlib/ccs/Debug/driverlib.lib" "../tm4c123gh6pm.cmd"  -llibc.a 
<Linking>
'Finished building target: lab15.out'
' '

**** Build Finished ****

**** Build of configuration Debug for project lab15 ****

"C:\\ti\\ccsv7\\utils\\bin\\gmake" -k all 
gmake: Nothing to be done for 'all'.

**** Build Finished ****

**** Build of configuration Debug for project lab15 ****

"C:\\ti\\ccsv7\\utils\\bin\\gmake" -k all 
gmake: Nothing to be done for 'all'.

**** Build Finished ****

**** Build of configuration Debug for project lab15 ****

"C:\\ti\\ccsv7\\utils\\bin\\gmake" -k all 
gmake: Nothing to be done for 'all'.

**** Build Finished ****
